g:\onedrive\учёба\3-й_семестр\compiler-course-project-\compiler\compiler\debug\vc142.pdb
g:\onedrive\учёба\3-й_семестр\compiler-course-project-\compiler\compiler\debug\vc142.idb
g:\onedrive\учёба\3-й_семестр\compiler-course-project-\compiler\compiler\debug\parm.obj
g:\onedrive\учёба\3-й_семестр\compiler-course-project-\compiler\compiler\debug\main.obj
g:\onedrive\учёба\3-й_семестр\compiler-course-project-\compiler\compiler\debug\lt.obj
g:\onedrive\учёба\3-й_семестр\compiler-course-project-\compiler\compiler\debug\log.obj
g:\onedrive\учёба\3-й_семестр\compiler-course-project-\compiler\compiler\debug\it.obj
g:\onedrive\учёба\3-й_семестр\compiler-course-project-\compiler\compiler\debug\in.obj
g:\onedrive\учёба\3-й_семестр\compiler-course-project-\compiler\compiler\debug\fst.obj
g:\onedrive\учёба\3-й_семестр\compiler-course-project-\compiler\compiler\debug\error.obj
g:\onedrive\учёба\3-й_семестр\compiler-course-project-\compiler\compiler\debug\division.obj
g:\onedrive\учёба\3-й_семестр\compiler-course-project-\compiler\debug\compiler.exe
g:\onedrive\учёба\3-й_семестр\compiler-course-project-\compiler\debug\compiler.ilk
g:\onedrive\учёба\3-й_семестр\compiler-course-project-\compiler\debug\compiler.pdb
g:\onedrive\учёба\3-й_семестр\compiler-course-project-\compiler\compiler\debug\compiler.tlog\cl.command.1.tlog
g:\onedrive\учёба\3-й_семестр\compiler-course-project-\compiler\compiler\debug\compiler.tlog\cl.read.1.tlog
g:\onedrive\учёба\3-й_семестр\compiler-course-project-\compiler\compiler\debug\compiler.tlog\cl.write.1.tlog
g:\onedrive\учёба\3-й_семестр\compiler-course-project-\compiler\compiler\debug\compiler.tlog\link.command.1.tlog
g:\onedrive\учёба\3-й_семестр\compiler-course-project-\compiler\compiler\debug\compiler.tlog\link.read.1.tlog
g:\onedrive\учёба\3-й_семестр\compiler-course-project-\compiler\compiler\debug\compiler.tlog\link.write.1.tlog
